18:59:58 0 -0.3  nan
19:04:30 0 -1.9  nan
19:10:23 0 -0.0  nan
19:21:30 0 -1.7  nan
19:41:30 0 -0.3  nan
19:47:37 0  0.5  nan
21:40:59 0 -0.2  nan
21:42:48 0 -1.2  nan
21:44:04 0 -1.3  nan
21:46:55 0  2.6  nan
21:49:11 0 -0.7  nan
21:50:30 0 -1.4  nan
21:51:56 0 -0.8  nan
21:51:59 1 -1.1  3.5
21:55:44 0 -0.9  nan
21:58:03 0 -1.2  nan
21:59:18 0 -1.2  nan
21:59:40 0  1.1  nan
21:59:51 0 -0.6  nan
22:00:37 0 -2.2  nan
22:02:24 0 -2.3  nan
22:10:00 2 -1.4  0.0
22:16:27 0 -1.2  nan
22:16:56 0 -1.0  nan
22:17:15 0 -0.7  nan
22:18:16 0 -1.9  nan
22:18:35 0  1.2  nan
22:21:10 0 -0.0  nan
22:24:09 3  1.4  2.3
22:24:47 0  0.6  nan
22:25:28 1  0.0  1.0
22:26:11 0 -0.0  nan
22:27:15 0 -0.9  nan
22:28:25 3  0.2  2.2
22:28:49 2  0.3  2.8
22:31:38 4 -1.0  0.9
22:32:10 1  0.5  3.0
22:32:10 1  1.8  3.0
22:37:23 3 -0.3  0.2
22:40:51 2 -1.2 -0.8
22:43:23 1  0.2 -0.5
22:44:59 0 -1.2  nan
22:46:01 2 -2.0 -0.5
22:46:46 2  0.5  0.8
22:48:40 2  0.6  3.0
22:50:58 4 -1.6  0.6
22:54:30 2 -1.4  0.0
22:54:39 3 -1.5  1.3
22:56:50 1 -0.6  1.0
22:57:19 4  0.2  1.4
22:57:47 2 -0.3  1.8
23:01:26 4 -1.0  0.9
23:01:26 4 -0.5  0.9
23:04:32 3  0.8  2.7
23:06:28 3  0.2  1.2
23:06:58 3 -1.0  3.5
23:08:11 3  1.2  1.5
23:08:11 3 -0.7  1.5
23:09:08 2 -0.9  0.8
23:10:05 1 -0.6  1.5
23:11:28 1  0.7  1.0
23:11:51 1 -0.3  2.0
23:12:25 1 -2.5 -1.5
23:12:25 1 -0.5 -1.5
23:12:49 4 -0.9  0.8
23:13:16 1 -0.8  0.5
23:13:31 1  0.6  1.0
23:14:24 2 -0.0  1.0
23:16:19 3 -1.3  1.7
23:17:31 2 -0.8  2.8
23:17:44 3  0.8  0.8
23:17:58 1 -1.4  2.0
23:18:02 1  0.4  5.0
23:18:50 0 -2.0  nan
23:20:45 2 -0.6  0.5
23:21:40 2 -0.3  0.0
23:25:02 4 -1.6  1.2
23:25:55 2 -1.3  2.0
23:30:58 0 -1.3  nan
23:31:21 0  0.2  nan
23:31:21 0 -0.2  nan
23:31:41 0 -0.5  nan
23:31:50 0 -1.4  nan
23:32:41 0 -3.0  nan
23:32:51 0 -0.7  nan
23:35:11 0 -0.6  nan
23:35:27 0 -1.2  nan
23:35:50 0 -0.9  nan
23:36:21 0 -0.7  nan
23:39:09 0  1.0  nan
23:41:35 0  0.4  nan
23:42:11 0 -1.8  nan
23:43:33 0 -1.0  nan
23:51:56 0 -2.5  nan
23:53:20 1 -0.3  2.0
23:54:17 1 -1.2  0.0
23:55:30 0  0.7  nan
23:56:15 1  0.1  1.0
23:56:56 1  0.2  2.0
23:57:13 0 -0.4  nan
23:57:28 0  0.2  nan
23:57:31 1 -1.6  1.5
23:57:53 0 -1.1  nan
23:58:08 0  0.3  nan
23:59:02 2  1.3  2.2
23:59:37 1  0.1  0.5
00:00:47 0 -0.9  nan
00:01:25 1 -1.9 -1.0
00:03:33 2 -1.2  2.0
00:06:52 2 -0.5  1.5
00:07:36 1  0.4  2.0
00:08:05 3 -0.3  2.3
00:10:17 2 -2.2  0.8
00:10:36 1 -2.3  1.0
00:10:36 1 -1.3  1.0
00:11:35 0 -1.1  nan
00:11:57 1  0.9  3.0
00:12:07 1  0.3  3.0
00:13:29 2 -1.0  1.8
00:14:26 5  0.8  2.5
00:15:07 3 -0.7  1.2
00:15:21 1 -0.1  1.0
00:16:01 1 -2.0  1.0
00:16:07 0  0.2  nan
00:18:20 3  0.4  0.5
00:20:24 1 -1.3  1.0
00:21:44 3 -0.2  1.2
00:21:44 3  0.0  1.2
00:22:13 2 -1.3  0.8
00:22:57 2  0.5  1.8
00:24:58 4 -1.2  0.5
00:26:12 0  0.9  nan
00:26:12 0 -2.7  nan
00:27:55 3 -1.1  0.5
00:28:48 2 -0.7  2.0
00:29:01 2 -1.8  0.0
00:30:53 2 -0.2  2.2
00:31:35 3 -1.5  1.2
00:32:10 2  0.1  1.0
00:32:56 0  0.2  nan
00:35:40 0 -0.6  nan
00:36:17 4 -1.4  1.0
00:36:27 2 -1.4  0.2
00:39:40 2 -1.7  0.8
00:41:05 3 -0.5  2.0
00:41:38 1  0.7  3.0
00:41:47 2  1.2  2.0
00:43:42 3  0.7  3.2
00:43:51 0 -1.1  nan
00:44:06 2 -1.2  1.5
00:44:32 0  0.8  nan
00:46:56 0 -0.2  nan
00:47:06 0  0.3  nan
00:47:09 0 -0.7  nan
00:47:35 0  0.1  nan
00:47:43 0 -2.7  nan
00:50:23 0 -1.7  nan
00:52:01 0 -0.2  nan
00:53:26 0  0.0  nan
00:55:22 0 -2.4  nan
00:56:00 1 -0.7  1.5
00:56:46 1 -1.5  3.0
00:58:52 1 -0.1  1.0
00:59:19 4 -1.8  0.4
00:59:53 1  0.1  1.0
01:02:54 0  1.7  nan
01:03:35 2 -1.0  2.2
01:03:35 2 -0.3  2.2
01:06:05 1 -1.2  1.0
01:07:29 0 -1.8  nan
01:08:24 1 -1.2  0.0
01:08:36 2 -1.8 -0.2
01:09:04 0 -0.8  nan
01:09:28 1  1.2  0.5
01:09:57 1  0.4  1.0
01:10:03 2 -0.0  2.0
01:10:39 3 -1.2  1.3
01:10:56 1 -1.2  0.0
01:11:10 1 -0.5  3.0
01:12:59 2 -1.8  1.8
01:13:41 5 -0.9  1.0
01:14:08 0 -2.0  nan
01:14:22 1  1.0  3.0
01:14:33 2 -1.8  0.2
01:15:26 0  0.1  nan
01:18:19 1  0.2  2.0
01:20:49 3 -2.0 -1.0
01:21:18 1 -2.4  0.5
01:21:55 2 -0.3  0.5
01:21:55 2  1.5  0.5
01:23:21 0  0.8  nan
01:24:21 2 -0.5  0.0
01:24:24 2 -1.8  0.0
01:26:04 1  0.5  3.0
01:26:09 2 -0.9  0.8
01:26:12 1  0.2  1.0
01:26:30 1  0.6  3.0
01:27:33 2 -1.9 -0.2
01:27:37 1  0.2  2.0
01:28:38 2 -0.2  0.2
01:29:26 2  0.5  2.0
01:29:52 3 -0.5  1.2
01:30:58 2 -2.1 -1.0
01:31:28 1 -1.5 -1.0
01:33:13 3 -1.0  1.0
01:34:14 4 -0.1  1.0
01:34:33 1 -1.3  0.0
01:34:56 4 -1.1  1.0
01:35:52 2 -0.7  1.8
01:35:52 2  0.3  1.8
01:36:24 1 -0.0  1.0
01:37:36 2 -0.8  0.0
01:37:51 0  0.0  nan
01:37:59 2 -0.7  0.5
01:38:02 4 -1.2  0.2
01:38:33 2 -0.5  0.8
01:40:00 1  0.7  2.0
01:40:16 3 -2.0 -0.8
01:40:53 4 -1.4  0.9
01:41:29 1  0.4  2.0
01:41:38 2 -0.5  0.8
01:44:49 1  1.6  2.0
01:44:54 3 -0.2  1.2
01:45:45 1  0.6  2.0
01:46:05 3  0.5  2.3
01:46:05 3 -0.6  2.3
01:46:38 0 -0.1  nan
01:47:51 0  0.5  nan
01:48:26 3  0.4  2.2
01:48:38 2  0.8  2.8
01:48:49 1 -1.5 -2.0
01:49:39 0 -2.1  nan
01:50:18 2 -0.5  1.2
01:51:47 1 -0.4  1.0
01:52:10 1  0.8  1.5
01:53:18 3 -0.0  1.7
01:54:38 4 -0.6  1.0
01:56:04 0 -0.0  nan
01:58:38 0  0.2  nan
01:59:16 0 -1.1  nan
01:59:20 0 -0.8  nan
01:59:20 0  0.3  nan
02:01:53 0 -1.8  nan
02:02:07 0 -0.4  nan
02:02:59 0 -0.5  nan
02:02:59 0 -1.2  nan
02:04:09 0 -0.1  nan
02:04:34 0 -1.0  nan
02:07:22 0 -0.1  nan
02:09:33 0 -0.2  nan
