

*******************************************************************************
Sat Mar 25 22:34:20 2017


FIT:    data read from 'all.corr' using 2:3
        format = x:z
        #datapoints = 1660
        residuals are weighted equally (unit weight)

function used for fitting: f(x)
fitted parameters initialized with current variable values



 Iteration 0
 WSSR        : 31123.4           delta(WSSR)/WSSR   : 0
 delta(WSSR) : 0                 limit for stopping : 1e-05
 lambda	  : 0.849394

initial set of free parameter values

a               = 2
b               = -2

After 2 iterations the fit converged.
final sum of squares of residuals : 3795.18
rel. change during last iteration : -1.21539e-06

degrees of freedom    (FIT_NDF)                        : 1658
rms of residuals      (FIT_STDFIT) = sqrt(WSSR/ndf)    : 1.51295
variance of residuals (reduced chisquare) = WSSR/ndf   : 2.28901

Final set of parameters            Asymptotic Standard Error
=======================            ==========================

a               = 0.757057         +/- 0.05819      (7.687%)
b               = 1.7442           +/- 0.03873      (2.22%)


correlation matrix of the fit parameters:

               a      b      
a               1.000 
b               0.284  1.000 


*******************************************************************************
Sat Mar 25 22:34:46 2017


FIT:    data read from 'all.corr' using 2:3
        format = x:z
        #datapoints = 1660
        residuals are weighted equally (unit weight)

function used for fitting: f(x)
fitted parameters initialized with current variable values



 Iteration 0
 WSSR        : 31123.4           delta(WSSR)/WSSR   : 0
 delta(WSSR) : 0                 limit for stopping : 1e-05
 lambda	  : 0.849394

initial set of free parameter values

a               = 2
b               = -2

After 2 iterations the fit converged.
final sum of squares of residuals : 3795.18
rel. change during last iteration : -1.21539e-06

degrees of freedom    (FIT_NDF)                        : 1658
rms of residuals      (FIT_STDFIT) = sqrt(WSSR/ndf)    : 1.51295
variance of residuals (reduced chisquare) = WSSR/ndf   : 2.28901

Final set of parameters            Asymptotic Standard Error
=======================            ==========================

a               = 0.757057         +/- 0.05819      (7.687%)
b               = 1.7442           +/- 0.03873      (2.22%)


correlation matrix of the fit parameters:

               a      b      
a               1.000 
b               0.284  1.000 


*******************************************************************************
Sat Mar 25 22:36:19 2017


FIT:    data read from 'all.corr' using 2:3
        format = x:z
        #datapoints = 1660
        residuals are weighted equally (unit weight)

function used for fitting: f(x)
fitted parameters initialized with current variable values



 Iteration 0
 WSSR        : 31123.4           delta(WSSR)/WSSR   : 0
 delta(WSSR) : 0                 limit for stopping : 1e-05
 lambda	  : 0.849394

initial set of free parameter values

a               = 2
b               = -2

After 2 iterations the fit converged.
final sum of squares of residuals : 3795.18
rel. change during last iteration : -1.21539e-06

degrees of freedom    (FIT_NDF)                        : 1658
rms of residuals      (FIT_STDFIT) = sqrt(WSSR/ndf)    : 1.51295
variance of residuals (reduced chisquare) = WSSR/ndf   : 2.28901

Final set of parameters            Asymptotic Standard Error
=======================            ==========================

a               = 0.757057         +/- 0.05819      (7.687%)
b               = 1.7442           +/- 0.03873      (2.22%)


correlation matrix of the fit parameters:

               a      b      
a               1.000 
b               0.284  1.000 


*******************************************************************************
Sat Mar 25 22:36:55 2017


FIT:    data read from 'all.corr' using 2:3
        format = x:z
        #datapoints = 1660
        residuals are weighted equally (unit weight)

function used for fitting: f(x)
fitted parameters initialized with current variable values



 Iteration 0
 WSSR        : 31123.4           delta(WSSR)/WSSR   : 0
 delta(WSSR) : 0                 limit for stopping : 1e-05
 lambda	  : 0.849394

initial set of free parameter values

a               = 2
b               = -2

After 2 iterations the fit converged.
final sum of squares of residuals : 3795.18
rel. change during last iteration : -1.21539e-06

degrees of freedom    (FIT_NDF)                        : 1658
rms of residuals      (FIT_STDFIT) = sqrt(WSSR/ndf)    : 1.51295
variance of residuals (reduced chisquare) = WSSR/ndf   : 2.28901

Final set of parameters            Asymptotic Standard Error
=======================            ==========================

a               = 0.757057         +/- 0.05819      (7.687%)
b               = 1.7442           +/- 0.03873      (2.22%)


correlation matrix of the fit parameters:

               a      b      
a               1.000 
b               0.284  1.000 


*******************************************************************************
Sat Mar 25 22:42:52 2017


FIT:    data read from 'all.corr' using 2:3
        format = x:z
        #datapoints = 1660
        residuals are weighted equally (unit weight)

function used for fitting: f(x)
fitted parameters initialized with current variable values



 Iteration 0
 WSSR        : 31123.4           delta(WSSR)/WSSR   : 0
 delta(WSSR) : 0                 limit for stopping : 1e-05
 lambda	  : 0.849394

initial set of free parameter values

a               = 2
b               = -2

After 2 iterations the fit converged.
final sum of squares of residuals : 3795.18
rel. change during last iteration : -1.21539e-06

degrees of freedom    (FIT_NDF)                        : 1658
rms of residuals      (FIT_STDFIT) = sqrt(WSSR/ndf)    : 1.51295
variance of residuals (reduced chisquare) = WSSR/ndf   : 2.28901

Final set of parameters            Asymptotic Standard Error
=======================            ==========================

a               = 0.757057         +/- 0.05819      (7.687%)
b               = 1.7442           +/- 0.03873      (2.22%)


correlation matrix of the fit parameters:

               a      b      
a               1.000 
b               0.284  1.000 


*******************************************************************************
Sat Mar 25 22:43:40 2017


FIT:    data read from 'all.corr' using 2:3
        format = x:z
        #datapoints = 1660
        residuals are weighted equally (unit weight)

function used for fitting: f(x)
fitted parameters initialized with current variable values



 Iteration 0
 WSSR        : 31123.4           delta(WSSR)/WSSR   : 0
 delta(WSSR) : 0                 limit for stopping : 1e-05
 lambda	  : 0.849394

initial set of free parameter values

a               = 2
b               = -2

After 2 iterations the fit converged.
final sum of squares of residuals : 3795.18
rel. change during last iteration : -1.21539e-06

degrees of freedom    (FIT_NDF)                        : 1658
rms of residuals      (FIT_STDFIT) = sqrt(WSSR/ndf)    : 1.51295
variance of residuals (reduced chisquare) = WSSR/ndf   : 2.28901

Final set of parameters            Asymptotic Standard Error
=======================            ==========================

a               = 0.757057         +/- 0.05819      (7.687%)
b               = 1.7442           +/- 0.03873      (2.22%)


correlation matrix of the fit parameters:

               a      b      
a               1.000 
b               0.284  1.000 


*******************************************************************************
Sat Mar 25 22:43:56 2017


FIT:    data read from 'all.corr' using 2:3
        format = x:z
        #datapoints = 1660
        residuals are weighted equally (unit weight)

function used for fitting: f(x)
fitted parameters initialized with current variable values



 Iteration 0
 WSSR        : 31123.4           delta(WSSR)/WSSR   : 0
 delta(WSSR) : 0                 limit for stopping : 1e-05
 lambda	  : 0.849394

initial set of free parameter values

a               = 2
b               = -2

After 2 iterations the fit converged.
final sum of squares of residuals : 3795.18
rel. change during last iteration : -1.21539e-06

degrees of freedom    (FIT_NDF)                        : 1658
rms of residuals      (FIT_STDFIT) = sqrt(WSSR/ndf)    : 1.51295
variance of residuals (reduced chisquare) = WSSR/ndf   : 2.28901

Final set of parameters            Asymptotic Standard Error
=======================            ==========================

a               = 0.757057         +/- 0.05819      (7.687%)
b               = 1.7442           +/- 0.03873      (2.22%)


correlation matrix of the fit parameters:

               a      b      
a               1.000 
b               0.284  1.000 


*******************************************************************************
Sat Mar 25 22:44:08 2017


FIT:    data read from 'all.corr' using 2:3
        format = x:z
        #datapoints = 1660
        residuals are weighted equally (unit weight)

function used for fitting: f(x)
fitted parameters initialized with current variable values



 Iteration 0
 WSSR        : 31123.4           delta(WSSR)/WSSR   : 0
 delta(WSSR) : 0                 limit for stopping : 1e-05
 lambda	  : 0.849394

initial set of free parameter values

a               = 2
b               = -2

After 2 iterations the fit converged.
final sum of squares of residuals : 3795.18
rel. change during last iteration : -1.21539e-06

degrees of freedom    (FIT_NDF)                        : 1658
rms of residuals      (FIT_STDFIT) = sqrt(WSSR/ndf)    : 1.51295
variance of residuals (reduced chisquare) = WSSR/ndf   : 2.28901

Final set of parameters            Asymptotic Standard Error
=======================            ==========================

a               = 0.757057         +/- 0.05819      (7.687%)
b               = 1.7442           +/- 0.03873      (2.22%)


correlation matrix of the fit parameters:

               a      b      
a               1.000 
b               0.284  1.000 


*******************************************************************************
Sat Mar 25 22:44:41 2017


FIT:    data read from 'all.corr' using 2:3
        format = x:z
        #datapoints = 1660
        residuals are weighted equally (unit weight)

function used for fitting: f(x)
fitted parameters initialized with current variable values



 Iteration 0
 WSSR        : 31123.4           delta(WSSR)/WSSR   : 0
 delta(WSSR) : 0                 limit for stopping : 1e-05
 lambda	  : 0.849394

initial set of free parameter values

a               = 2
b               = -2

After 2 iterations the fit converged.
final sum of squares of residuals : 3795.18
rel. change during last iteration : -1.21539e-06

degrees of freedom    (FIT_NDF)                        : 1658
rms of residuals      (FIT_STDFIT) = sqrt(WSSR/ndf)    : 1.51295
variance of residuals (reduced chisquare) = WSSR/ndf   : 2.28901

Final set of parameters            Asymptotic Standard Error
=======================            ==========================

a               = 0.757057         +/- 0.05819      (7.687%)
b               = 1.7442           +/- 0.03873      (2.22%)


correlation matrix of the fit parameters:

               a      b      
a               1.000 
b               0.284  1.000 


*******************************************************************************
Sat Mar 25 22:46:53 2017


FIT:    data read from 'all.corr' using 2:3
        format = x:z
        #datapoints = 1660
        residuals are weighted equally (unit weight)

function used for fitting: f(x)
fitted parameters initialized with current variable values



 Iteration 0
 WSSR        : 31123.4           delta(WSSR)/WSSR   : 0
 delta(WSSR) : 0                 limit for stopping : 1e-05
 lambda	  : 0.849394

initial set of free parameter values

a               = 2
b               = -2

After 2 iterations the fit converged.
final sum of squares of residuals : 3795.18
rel. change during last iteration : -1.21539e-06

degrees of freedom    (FIT_NDF)                        : 1658
rms of residuals      (FIT_STDFIT) = sqrt(WSSR/ndf)    : 1.51295
variance of residuals (reduced chisquare) = WSSR/ndf   : 2.28901

Final set of parameters            Asymptotic Standard Error
=======================            ==========================

a               = 0.757057         +/- 0.05819      (7.687%)
b               = 1.7442           +/- 0.03873      (2.22%)


correlation matrix of the fit parameters:

               a      b      
a               1.000 
b               0.284  1.000 


*******************************************************************************
Sat Mar 25 22:48:52 2017


FIT:    data read from 'all.corr' using 2:3
        format = x:z
        #datapoints = 1660
        residuals are weighted equally (unit weight)

function used for fitting: f(x)
fitted parameters initialized with current variable values



 Iteration 0
 WSSR        : 31123.4           delta(WSSR)/WSSR   : 0
 delta(WSSR) : 0                 limit for stopping : 1e-05
 lambda	  : 0.849394

initial set of free parameter values

a               = 2
b               = -2

After 2 iterations the fit converged.
final sum of squares of residuals : 3795.18
rel. change during last iteration : -1.21539e-06

degrees of freedom    (FIT_NDF)                        : 1658
rms of residuals      (FIT_STDFIT) = sqrt(WSSR/ndf)    : 1.51295
variance of residuals (reduced chisquare) = WSSR/ndf   : 2.28901

Final set of parameters            Asymptotic Standard Error
=======================            ==========================

a               = 0.757057         +/- 0.05819      (7.687%)
b               = 1.7442           +/- 0.03873      (2.22%)


correlation matrix of the fit parameters:

               a      b      
a               1.000 
b               0.284  1.000 


*******************************************************************************
Sat Mar 25 22:49:09 2017


FIT:    data read from 'all.corr' using 2:3
        format = x:z
        #datapoints = 1660
        residuals are weighted equally (unit weight)

function used for fitting: f(x)
fitted parameters initialized with current variable values



 Iteration 0
 WSSR        : 31123.4           delta(WSSR)/WSSR   : 0
 delta(WSSR) : 0                 limit for stopping : 1e-05
 lambda	  : 0.849394

initial set of free parameter values

a               = 2
b               = -2

After 2 iterations the fit converged.
final sum of squares of residuals : 3795.18
rel. change during last iteration : -1.21539e-06

degrees of freedom    (FIT_NDF)                        : 1658
rms of residuals      (FIT_STDFIT) = sqrt(WSSR/ndf)    : 1.51295
variance of residuals (reduced chisquare) = WSSR/ndf   : 2.28901

Final set of parameters            Asymptotic Standard Error
=======================            ==========================

a               = 0.757057         +/- 0.05819      (7.687%)
b               = 1.7442           +/- 0.03873      (2.22%)


correlation matrix of the fit parameters:

               a      b      
a               1.000 
b               0.284  1.000 


*******************************************************************************
Sat Mar 25 22:49:35 2017


FIT:    data read from 'all.corr' using 2:3
        format = x:z
        #datapoints = 1660
        residuals are weighted equally (unit weight)

function used for fitting: f(x)
fitted parameters initialized with current variable values



 Iteration 0
 WSSR        : 31123.4           delta(WSSR)/WSSR   : 0
 delta(WSSR) : 0                 limit for stopping : 1e-05
 lambda	  : 0.849394

initial set of free parameter values

a               = 2
b               = -2

After 2 iterations the fit converged.
final sum of squares of residuals : 3795.18
rel. change during last iteration : -1.21539e-06

degrees of freedom    (FIT_NDF)                        : 1658
rms of residuals      (FIT_STDFIT) = sqrt(WSSR/ndf)    : 1.51295
variance of residuals (reduced chisquare) = WSSR/ndf   : 2.28901

Final set of parameters            Asymptotic Standard Error
=======================            ==========================

a               = 0.757057         +/- 0.05819      (7.687%)
b               = 1.7442           +/- 0.03873      (2.22%)


correlation matrix of the fit parameters:

               a      b      
a               1.000 
b               0.284  1.000 


*******************************************************************************
Sat Mar 25 22:49:41 2017


FIT:    data read from 'all.corr' using 2:3
        format = x:z
        #datapoints = 1660
        residuals are weighted equally (unit weight)

function used for fitting: f(x)
fitted parameters initialized with current variable values



 Iteration 0
 WSSR        : 31123.4           delta(WSSR)/WSSR   : 0
 delta(WSSR) : 0                 limit for stopping : 1e-05
 lambda	  : 0.849394

initial set of free parameter values

a               = 2
b               = -2

After 2 iterations the fit converged.
final sum of squares of residuals : 3795.18
rel. change during last iteration : -1.21539e-06

degrees of freedom    (FIT_NDF)                        : 1658
rms of residuals      (FIT_STDFIT) = sqrt(WSSR/ndf)    : 1.51295
variance of residuals (reduced chisquare) = WSSR/ndf   : 2.28901

Final set of parameters            Asymptotic Standard Error
=======================            ==========================

a               = 0.757057         +/- 0.05819      (7.687%)
b               = 1.7442           +/- 0.03873      (2.22%)


correlation matrix of the fit parameters:

               a      b      
a               1.000 
b               0.284  1.000 


*******************************************************************************
Sat Mar 25 22:49:53 2017


FIT:    data read from 'all.corr' using 2:3
        format = x:z
        #datapoints = 1660
        residuals are weighted equally (unit weight)

function used for fitting: f(x)
fitted parameters initialized with current variable values



 Iteration 0
 WSSR        : 31123.4           delta(WSSR)/WSSR   : 0
 delta(WSSR) : 0                 limit for stopping : 1e-05
 lambda	  : 0.849394

initial set of free parameter values

a               = 2
b               = -2

After 2 iterations the fit converged.
final sum of squares of residuals : 3795.18
rel. change during last iteration : -1.21539e-06

degrees of freedom    (FIT_NDF)                        : 1658
rms of residuals      (FIT_STDFIT) = sqrt(WSSR/ndf)    : 1.51295
variance of residuals (reduced chisquare) = WSSR/ndf   : 2.28901

Final set of parameters            Asymptotic Standard Error
=======================            ==========================

a               = 0.757057         +/- 0.05819      (7.687%)
b               = 1.7442           +/- 0.03873      (2.22%)


correlation matrix of the fit parameters:

               a      b      
a               1.000 
b               0.284  1.000 


*******************************************************************************
Sat Mar 25 22:49:59 2017


FIT:    data read from 'all.corr' using 2:3
        format = x:z
        #datapoints = 1660
        residuals are weighted equally (unit weight)

function used for fitting: f(x)
fitted parameters initialized with current variable values



 Iteration 0
 WSSR        : 31123.4           delta(WSSR)/WSSR   : 0
 delta(WSSR) : 0                 limit for stopping : 1e-05
 lambda	  : 0.849394

initial set of free parameter values

a               = 2
b               = -2

After 2 iterations the fit converged.
final sum of squares of residuals : 3795.18
rel. change during last iteration : -1.21539e-06

degrees of freedom    (FIT_NDF)                        : 1658
rms of residuals      (FIT_STDFIT) = sqrt(WSSR/ndf)    : 1.51295
variance of residuals (reduced chisquare) = WSSR/ndf   : 2.28901

Final set of parameters            Asymptotic Standard Error
=======================            ==========================

a               = 0.757057         +/- 0.05819      (7.687%)
b               = 1.7442           +/- 0.03873      (2.22%)


correlation matrix of the fit parameters:

               a      b      
a               1.000 
b               0.284  1.000 


*******************************************************************************
Sat Mar 25 22:50:18 2017


FIT:    data read from 'all.corr' using 2:3
        format = x:z
        #datapoints = 1660
        residuals are weighted equally (unit weight)

function used for fitting: f(x)
fitted parameters initialized with current variable values



 Iteration 0
 WSSR        : 31123.4           delta(WSSR)/WSSR   : 0
 delta(WSSR) : 0                 limit for stopping : 1e-05
 lambda	  : 0.849394

initial set of free parameter values

a               = 2
b               = -2

After 2 iterations the fit converged.
final sum of squares of residuals : 3795.18
rel. change during last iteration : -1.21539e-06

degrees of freedom    (FIT_NDF)                        : 1658
rms of residuals      (FIT_STDFIT) = sqrt(WSSR/ndf)    : 1.51295
variance of residuals (reduced chisquare) = WSSR/ndf   : 2.28901

Final set of parameters            Asymptotic Standard Error
=======================            ==========================

a               = 0.757057         +/- 0.05819      (7.687%)
b               = 1.7442           +/- 0.03873      (2.22%)


correlation matrix of the fit parameters:

               a      b      
a               1.000 
b               0.284  1.000 


*******************************************************************************
Sat Mar 25 22:50:36 2017


FIT:    data read from 'all.corr' using 2:3
        format = x:z
        #datapoints = 1660
        residuals are weighted equally (unit weight)

function used for fitting: f(x)
fitted parameters initialized with current variable values



 Iteration 0
 WSSR        : 31123.4           delta(WSSR)/WSSR   : 0
 delta(WSSR) : 0                 limit for stopping : 1e-05
 lambda	  : 0.849394

initial set of free parameter values

a               = 2
b               = -2

After 2 iterations the fit converged.
final sum of squares of residuals : 3795.18
rel. change during last iteration : -1.21539e-06

degrees of freedom    (FIT_NDF)                        : 1658
rms of residuals      (FIT_STDFIT) = sqrt(WSSR/ndf)    : 1.51295
variance of residuals (reduced chisquare) = WSSR/ndf   : 2.28901

Final set of parameters            Asymptotic Standard Error
=======================            ==========================

a               = 0.757057         +/- 0.05819      (7.687%)
b               = 1.7442           +/- 0.03873      (2.22%)


correlation matrix of the fit parameters:

               a      b      
a               1.000 
b               0.284  1.000 


*******************************************************************************
Sat Mar 25 22:50:43 2017


FIT:    data read from 'all.corr' using 2:3
        format = x:z
        #datapoints = 1660
        residuals are weighted equally (unit weight)

function used for fitting: f(x)
fitted parameters initialized with current variable values



 Iteration 0
 WSSR        : 31123.4           delta(WSSR)/WSSR   : 0
 delta(WSSR) : 0                 limit for stopping : 1e-05
 lambda	  : 0.849394

initial set of free parameter values

a               = 2
b               = -2

After 2 iterations the fit converged.
final sum of squares of residuals : 3795.18
rel. change during last iteration : -1.21539e-06

degrees of freedom    (FIT_NDF)                        : 1658
rms of residuals      (FIT_STDFIT) = sqrt(WSSR/ndf)    : 1.51295
variance of residuals (reduced chisquare) = WSSR/ndf   : 2.28901

Final set of parameters            Asymptotic Standard Error
=======================            ==========================

a               = 0.757057         +/- 0.05819      (7.687%)
b               = 1.7442           +/- 0.03873      (2.22%)


correlation matrix of the fit parameters:

               a      b      
a               1.000 
b               0.284  1.000 


*******************************************************************************
Sat Mar 25 22:50:53 2017


FIT:    data read from 'all.corr' using 2:3
        format = x:z
        #datapoints = 1660
        residuals are weighted equally (unit weight)

function used for fitting: f(x)
fitted parameters initialized with current variable values



 Iteration 0
 WSSR        : 31123.4           delta(WSSR)/WSSR   : 0
 delta(WSSR) : 0                 limit for stopping : 1e-05
 lambda	  : 0.849394

initial set of free parameter values

a               = 2
b               = -2

After 2 iterations the fit converged.
final sum of squares of residuals : 3795.18
rel. change during last iteration : -1.21539e-06

degrees of freedom    (FIT_NDF)                        : 1658
rms of residuals      (FIT_STDFIT) = sqrt(WSSR/ndf)    : 1.51295
variance of residuals (reduced chisquare) = WSSR/ndf   : 2.28901

Final set of parameters            Asymptotic Standard Error
=======================            ==========================

a               = 0.757057         +/- 0.05819      (7.687%)
b               = 1.7442           +/- 0.03873      (2.22%)


correlation matrix of the fit parameters:

               a      b      
a               1.000 
b               0.284  1.000 


*******************************************************************************
Sat Mar 25 22:51:03 2017


FIT:    data read from 'all.corr' using 2:3
        format = x:z
        #datapoints = 1660
        residuals are weighted equally (unit weight)

function used for fitting: f(x)
fitted parameters initialized with current variable values



 Iteration 0
 WSSR        : 31123.4           delta(WSSR)/WSSR   : 0
 delta(WSSR) : 0                 limit for stopping : 1e-05
 lambda	  : 0.849394

initial set of free parameter values

a               = 2
b               = -2

After 2 iterations the fit converged.
final sum of squares of residuals : 3795.18
rel. change during last iteration : -1.21539e-06

degrees of freedom    (FIT_NDF)                        : 1658
rms of residuals      (FIT_STDFIT) = sqrt(WSSR/ndf)    : 1.51295
variance of residuals (reduced chisquare) = WSSR/ndf   : 2.28901

Final set of parameters            Asymptotic Standard Error
=======================            ==========================

a               = 0.757057         +/- 0.05819      (7.687%)
b               = 1.7442           +/- 0.03873      (2.22%)


correlation matrix of the fit parameters:

               a      b      
a               1.000 
b               0.284  1.000 


*******************************************************************************
Sat Mar 25 22:51:21 2017


FIT:    data read from 'all.corr' using 2:3
        format = x:z
        #datapoints = 1660
        residuals are weighted equally (unit weight)

function used for fitting: f(x)
fitted parameters initialized with current variable values



 Iteration 0
 WSSR        : 31123.4           delta(WSSR)/WSSR   : 0
 delta(WSSR) : 0                 limit for stopping : 1e-05
 lambda	  : 0.849394

initial set of free parameter values

a               = 2
b               = -2

After 2 iterations the fit converged.
final sum of squares of residuals : 3795.18
rel. change during last iteration : -1.21539e-06

degrees of freedom    (FIT_NDF)                        : 1658
rms of residuals      (FIT_STDFIT) = sqrt(WSSR/ndf)    : 1.51295
variance of residuals (reduced chisquare) = WSSR/ndf   : 2.28901

Final set of parameters            Asymptotic Standard Error
=======================            ==========================

a               = 0.757057         +/- 0.05819      (7.687%)
b               = 1.7442           +/- 0.03873      (2.22%)


correlation matrix of the fit parameters:

               a      b      
a               1.000 
b               0.284  1.000 


*******************************************************************************
Sat Mar 25 22:51:37 2017


FIT:    data read from 'all.corr' using 2:3
        format = x:z
        #datapoints = 1660
        residuals are weighted equally (unit weight)

function used for fitting: f(x)
fitted parameters initialized with current variable values



 Iteration 0
 WSSR        : 31123.4           delta(WSSR)/WSSR   : 0
 delta(WSSR) : 0                 limit for stopping : 1e-05
 lambda	  : 0.849394

initial set of free parameter values

a               = 2
b               = -2

After 2 iterations the fit converged.
final sum of squares of residuals : 3795.18
rel. change during last iteration : -1.21539e-06

degrees of freedom    (FIT_NDF)                        : 1658
rms of residuals      (FIT_STDFIT) = sqrt(WSSR/ndf)    : 1.51295
variance of residuals (reduced chisquare) = WSSR/ndf   : 2.28901

Final set of parameters            Asymptotic Standard Error
=======================            ==========================

a               = 0.757057         +/- 0.05819      (7.687%)
b               = 1.7442           +/- 0.03873      (2.22%)


correlation matrix of the fit parameters:

               a      b      
a               1.000 
b               0.284  1.000 


*******************************************************************************
Sat Mar 25 22:51:53 2017


FIT:    data read from 'all.corr' using 2:3
        format = x:z
        #datapoints = 1660
        residuals are weighted equally (unit weight)

function used for fitting: f(x)
fitted parameters initialized with current variable values



 Iteration 0
 WSSR        : 31123.4           delta(WSSR)/WSSR   : 0
 delta(WSSR) : 0                 limit for stopping : 1e-05
 lambda	  : 0.849394

initial set of free parameter values

a               = 2
b               = -2

After 2 iterations the fit converged.
final sum of squares of residuals : 3795.18
rel. change during last iteration : -1.21539e-06

degrees of freedom    (FIT_NDF)                        : 1658
rms of residuals      (FIT_STDFIT) = sqrt(WSSR/ndf)    : 1.51295
variance of residuals (reduced chisquare) = WSSR/ndf   : 2.28901

Final set of parameters            Asymptotic Standard Error
=======================            ==========================

a               = 0.757057         +/- 0.05819      (7.687%)
b               = 1.7442           +/- 0.03873      (2.22%)


correlation matrix of the fit parameters:

               a      b      
a               1.000 
b               0.284  1.000 


*******************************************************************************
Sat Mar 25 22:52:14 2017


FIT:    data read from 'all.corr' using 2:3
        format = x:z
        #datapoints = 1660
        residuals are weighted equally (unit weight)

function used for fitting: f(x)
fitted parameters initialized with current variable values



 Iteration 0
 WSSR        : 31123.4           delta(WSSR)/WSSR   : 0
 delta(WSSR) : 0                 limit for stopping : 1e-05
 lambda	  : 0.849394

initial set of free parameter values

a               = 2
b               = -2

After 2 iterations the fit converged.
final sum of squares of residuals : 3795.18
rel. change during last iteration : -1.21539e-06

degrees of freedom    (FIT_NDF)                        : 1658
rms of residuals      (FIT_STDFIT) = sqrt(WSSR/ndf)    : 1.51295
variance of residuals (reduced chisquare) = WSSR/ndf   : 2.28901

Final set of parameters            Asymptotic Standard Error
=======================            ==========================

a               = 0.757057         +/- 0.05819      (7.687%)
b               = 1.7442           +/- 0.03873      (2.22%)


correlation matrix of the fit parameters:

               a      b      
a               1.000 
b               0.284  1.000 


*******************************************************************************
Sat Mar 25 22:53:22 2017


FIT:    data read from 'all.corr' using 2:3
        format = x:z
        #datapoints = 1660
        residuals are weighted equally (unit weight)

function used for fitting: f(x)
fitted parameters initialized with current variable values



 Iteration 0
 WSSR        : 31123.4           delta(WSSR)/WSSR   : 0
 delta(WSSR) : 0                 limit for stopping : 1e-05
 lambda	  : 0.849394

initial set of free parameter values

a               = 2
b               = -2

After 2 iterations the fit converged.
final sum of squares of residuals : 3795.18
rel. change during last iteration : -1.21539e-06

degrees of freedom    (FIT_NDF)                        : 1658
rms of residuals      (FIT_STDFIT) = sqrt(WSSR/ndf)    : 1.51295
variance of residuals (reduced chisquare) = WSSR/ndf   : 2.28901

Final set of parameters            Asymptotic Standard Error
=======================            ==========================

a               = 0.757057         +/- 0.05819      (7.687%)
b               = 1.7442           +/- 0.03873      (2.22%)


correlation matrix of the fit parameters:

               a      b      
a               1.000 
b               0.284  1.000 


*******************************************************************************
Sat Mar 25 22:53:38 2017


FIT:    data read from 'all.corr' using 2:3
        format = x:z
        #datapoints = 1660
        residuals are weighted equally (unit weight)

function used for fitting: f(x)
fitted parameters initialized with current variable values



 Iteration 0
 WSSR        : 31123.4           delta(WSSR)/WSSR   : 0
 delta(WSSR) : 0                 limit for stopping : 1e-05
 lambda	  : 0.849394

initial set of free parameter values

a               = 2
b               = -2

After 2 iterations the fit converged.
final sum of squares of residuals : 3795.18
rel. change during last iteration : -1.21539e-06

degrees of freedom    (FIT_NDF)                        : 1658
rms of residuals      (FIT_STDFIT) = sqrt(WSSR/ndf)    : 1.51295
variance of residuals (reduced chisquare) = WSSR/ndf   : 2.28901

Final set of parameters            Asymptotic Standard Error
=======================            ==========================

a               = 0.757057         +/- 0.05819      (7.687%)
b               = 1.7442           +/- 0.03873      (2.22%)


correlation matrix of the fit parameters:

               a      b      
a               1.000 
b               0.284  1.000 


*******************************************************************************
Sat Mar 25 22:53:46 2017


FIT:    data read from 'all.corr' using 2:3
        format = x:z
        #datapoints = 1660
        residuals are weighted equally (unit weight)

function used for fitting: f(x)
fitted parameters initialized with current variable values



 Iteration 0
 WSSR        : 31123.4           delta(WSSR)/WSSR   : 0
 delta(WSSR) : 0                 limit for stopping : 1e-05
 lambda	  : 0.849394

initial set of free parameter values

a               = 2
b               = -2

After 2 iterations the fit converged.
final sum of squares of residuals : 3795.18
rel. change during last iteration : -1.21539e-06

degrees of freedom    (FIT_NDF)                        : 1658
rms of residuals      (FIT_STDFIT) = sqrt(WSSR/ndf)    : 1.51295
variance of residuals (reduced chisquare) = WSSR/ndf   : 2.28901

Final set of parameters            Asymptotic Standard Error
=======================            ==========================

a               = 0.757057         +/- 0.05819      (7.687%)
b               = 1.7442           +/- 0.03873      (2.22%)


correlation matrix of the fit parameters:

               a      b      
a               1.000 
b               0.284  1.000 


*******************************************************************************
Sat Mar 25 22:55:48 2017


FIT:    data read from 'all.corr' using 2:3
        format = x:z
        #datapoints = 1660
        residuals are weighted equally (unit weight)

function used for fitting: f(x)
fitted parameters initialized with current variable values



 Iteration 0
 WSSR        : 31123.4           delta(WSSR)/WSSR   : 0
 delta(WSSR) : 0                 limit for stopping : 1e-05
 lambda	  : 0.849394

initial set of free parameter values

a               = 2
b               = -2

After 2 iterations the fit converged.
final sum of squares of residuals : 3795.18
rel. change during last iteration : -1.21539e-06

degrees of freedom    (FIT_NDF)                        : 1658
rms of residuals      (FIT_STDFIT) = sqrt(WSSR/ndf)    : 1.51295
variance of residuals (reduced chisquare) = WSSR/ndf   : 2.28901

Final set of parameters            Asymptotic Standard Error
=======================            ==========================

a               = 0.757057         +/- 0.05819      (7.687%)
b               = 1.7442           +/- 0.03873      (2.22%)


correlation matrix of the fit parameters:

               a      b      
a               1.000 
b               0.284  1.000 


*******************************************************************************
Sat Mar 25 22:56:25 2017


FIT:    data read from 'all.corr' using 2:3
        format = x:z
        #datapoints = 1660
        residuals are weighted equally (unit weight)

function used for fitting: f(x)
fitted parameters initialized with current variable values



 Iteration 0
 WSSR        : 31123.4           delta(WSSR)/WSSR   : 0
 delta(WSSR) : 0                 limit for stopping : 1e-05
 lambda	  : 0.849394

initial set of free parameter values

a               = 2
b               = -2

After 2 iterations the fit converged.
final sum of squares of residuals : 3795.18
rel. change during last iteration : -1.21539e-06

degrees of freedom    (FIT_NDF)                        : 1658
rms of residuals      (FIT_STDFIT) = sqrt(WSSR/ndf)    : 1.51295
variance of residuals (reduced chisquare) = WSSR/ndf   : 2.28901

Final set of parameters            Asymptotic Standard Error
=======================            ==========================

a               = 0.757057         +/- 0.05819      (7.687%)
b               = 1.7442           +/- 0.03873      (2.22%)


correlation matrix of the fit parameters:

               a      b      
a               1.000 
b               0.284  1.000 


*******************************************************************************
Sat Mar 25 22:56:35 2017


FIT:    data read from 'all.corr' using 2:3
        format = x:z
        #datapoints = 1660
        residuals are weighted equally (unit weight)

function used for fitting: f(x)
fitted parameters initialized with current variable values



 Iteration 0
 WSSR        : 31123.4           delta(WSSR)/WSSR   : 0
 delta(WSSR) : 0                 limit for stopping : 1e-05
 lambda	  : 0.849394

initial set of free parameter values

a               = 2
b               = -2

After 2 iterations the fit converged.
final sum of squares of residuals : 3795.18
rel. change during last iteration : -1.21539e-06

degrees of freedom    (FIT_NDF)                        : 1658
rms of residuals      (FIT_STDFIT) = sqrt(WSSR/ndf)    : 1.51295
variance of residuals (reduced chisquare) = WSSR/ndf   : 2.28901

Final set of parameters            Asymptotic Standard Error
=======================            ==========================

a               = 0.757057         +/- 0.05819      (7.687%)
b               = 1.7442           +/- 0.03873      (2.22%)


correlation matrix of the fit parameters:

               a      b      
a               1.000 
b               0.284  1.000 


*******************************************************************************
Sat Mar 25 22:56:40 2017


FIT:    data read from 'all.corr' using 2:3
        format = x:z
        #datapoints = 1660
        residuals are weighted equally (unit weight)

function used for fitting: f(x)
fitted parameters initialized with current variable values



 Iteration 0
 WSSR        : 31123.4           delta(WSSR)/WSSR   : 0
 delta(WSSR) : 0                 limit for stopping : 1e-05
 lambda	  : 0.849394

initial set of free parameter values

a               = 2
b               = -2

After 2 iterations the fit converged.
final sum of squares of residuals : 3795.18
rel. change during last iteration : -1.21539e-06

degrees of freedom    (FIT_NDF)                        : 1658
rms of residuals      (FIT_STDFIT) = sqrt(WSSR/ndf)    : 1.51295
variance of residuals (reduced chisquare) = WSSR/ndf   : 2.28901

Final set of parameters            Asymptotic Standard Error
=======================            ==========================

a               = 0.757057         +/- 0.05819      (7.687%)
b               = 1.7442           +/- 0.03873      (2.22%)


correlation matrix of the fit parameters:

               a      b      
a               1.000 
b               0.284  1.000 


*******************************************************************************
Sat Mar 25 22:56:48 2017


FIT:    data read from 'all.corr' using 2:3
        format = x:z
        #datapoints = 1660
        residuals are weighted equally (unit weight)

function used for fitting: f(x)
fitted parameters initialized with current variable values



 Iteration 0
 WSSR        : 31123.4           delta(WSSR)/WSSR   : 0
 delta(WSSR) : 0                 limit for stopping : 1e-05
 lambda	  : 0.849394

initial set of free parameter values

a               = 2
b               = -2

After 2 iterations the fit converged.
final sum of squares of residuals : 3795.18
rel. change during last iteration : -1.21539e-06

degrees of freedom    (FIT_NDF)                        : 1658
rms of residuals      (FIT_STDFIT) = sqrt(WSSR/ndf)    : 1.51295
variance of residuals (reduced chisquare) = WSSR/ndf   : 2.28901

Final set of parameters            Asymptotic Standard Error
=======================            ==========================

a               = 0.757057         +/- 0.05819      (7.687%)
b               = 1.7442           +/- 0.03873      (2.22%)


correlation matrix of the fit parameters:

               a      b      
a               1.000 
b               0.284  1.000 


*******************************************************************************
Sat Mar 25 22:59:16 2017


FIT:    data read from 'all.corr' using 2:3
        format = x:z
        #datapoints = 1660
        residuals are weighted equally (unit weight)

function used for fitting: f(x)
fitted parameters initialized with current variable values



 Iteration 0
 WSSR        : 31123.4           delta(WSSR)/WSSR   : 0
 delta(WSSR) : 0                 limit for stopping : 1e-05
 lambda	  : 0.849394

initial set of free parameter values

a               = 2
b               = -2

After 2 iterations the fit converged.
final sum of squares of residuals : 3795.18
rel. change during last iteration : -1.21539e-06

degrees of freedom    (FIT_NDF)                        : 1658
rms of residuals      (FIT_STDFIT) = sqrt(WSSR/ndf)    : 1.51295
variance of residuals (reduced chisquare) = WSSR/ndf   : 2.28901

Final set of parameters            Asymptotic Standard Error
=======================            ==========================

a               = 0.757057         +/- 0.05819      (7.687%)
b               = 1.7442           +/- 0.03873      (2.22%)


correlation matrix of the fit parameters:

               a      b      
a               1.000 
b               0.284  1.000 


*******************************************************************************
Sat Mar 25 22:59:37 2017


FIT:    data read from 'all.corr' using 2:3
        format = x:z
        #datapoints = 1660
        residuals are weighted equally (unit weight)

function used for fitting: f(x)
fitted parameters initialized with current variable values



 Iteration 0
 WSSR        : 31123.4           delta(WSSR)/WSSR   : 0
 delta(WSSR) : 0                 limit for stopping : 1e-05
 lambda	  : 0.849394

initial set of free parameter values

a               = 2
b               = -2

After 2 iterations the fit converged.
final sum of squares of residuals : 3795.18
rel. change during last iteration : -1.21539e-06

degrees of freedom    (FIT_NDF)                        : 1658
rms of residuals      (FIT_STDFIT) = sqrt(WSSR/ndf)    : 1.51295
variance of residuals (reduced chisquare) = WSSR/ndf   : 2.28901

Final set of parameters            Asymptotic Standard Error
=======================            ==========================

a               = 0.757057         +/- 0.05819      (7.687%)
b               = 1.7442           +/- 0.03873      (2.22%)


correlation matrix of the fit parameters:

               a      b      
a               1.000 
b               0.284  1.000 


*******************************************************************************
Sat Mar 25 22:59:45 2017


FIT:    data read from 'all.corr' using 2:3
        format = x:z
        #datapoints = 1660
        residuals are weighted equally (unit weight)

function used for fitting: f(x)
fitted parameters initialized with current variable values



 Iteration 0
 WSSR        : 31123.4           delta(WSSR)/WSSR   : 0
 delta(WSSR) : 0                 limit for stopping : 1e-05
 lambda	  : 0.849394

initial set of free parameter values

a               = 2
b               = -2

After 2 iterations the fit converged.
final sum of squares of residuals : 3795.18
rel. change during last iteration : -1.21539e-06

degrees of freedom    (FIT_NDF)                        : 1658
rms of residuals      (FIT_STDFIT) = sqrt(WSSR/ndf)    : 1.51295
variance of residuals (reduced chisquare) = WSSR/ndf   : 2.28901

Final set of parameters            Asymptotic Standard Error
=======================            ==========================

a               = 0.757057         +/- 0.05819      (7.687%)
b               = 1.7442           +/- 0.03873      (2.22%)


correlation matrix of the fit parameters:

               a      b      
a               1.000 
b               0.284  1.000 


*******************************************************************************
Sat Mar 25 23:01:48 2017


FIT:    data read from 'all.corr' using 2:3
        format = x:z
        #datapoints = 1660
        residuals are weighted equally (unit weight)

function used for fitting: f(x)
fitted parameters initialized with current variable values



 Iteration 0
 WSSR        : 31123.4           delta(WSSR)/WSSR   : 0
 delta(WSSR) : 0                 limit for stopping : 1e-05
 lambda	  : 0.849394

initial set of free parameter values

a               = 2
b               = -2

After 2 iterations the fit converged.
final sum of squares of residuals : 3795.18
rel. change during last iteration : -1.21539e-06

degrees of freedom    (FIT_NDF)                        : 1658
rms of residuals      (FIT_STDFIT) = sqrt(WSSR/ndf)    : 1.51295
variance of residuals (reduced chisquare) = WSSR/ndf   : 2.28901

Final set of parameters            Asymptotic Standard Error
=======================            ==========================

a               = 0.757057         +/- 0.05819      (7.687%)
b               = 1.7442           +/- 0.03873      (2.22%)


correlation matrix of the fit parameters:

               a      b      
a               1.000 
b               0.284  1.000 


*******************************************************************************
Tue Mar 28 00:18:07 2017


FIT:    data read from 'all.corr' using 2:3
        format = x:z
        #datapoints = 1660
        residuals are weighted equally (unit weight)

function used for fitting: f(x)
fitted parameters initialized with current variable values



 Iteration 0
 WSSR        : 31123.4           delta(WSSR)/WSSR   : 0
 delta(WSSR) : 0                 limit for stopping : 1e-05
 lambda	  : 0.849394

initial set of free parameter values

a               = 2
b               = -2

After 2 iterations the fit converged.
final sum of squares of residuals : 3795.18
rel. change during last iteration : -1.21539e-06

degrees of freedom    (FIT_NDF)                        : 1658
rms of residuals      (FIT_STDFIT) = sqrt(WSSR/ndf)    : 1.51295
variance of residuals (reduced chisquare) = WSSR/ndf   : 2.28901

Final set of parameters            Asymptotic Standard Error
=======================            ==========================

a               = 0.757057         +/- 0.05819      (7.687%)
b               = 1.7442           +/- 0.03873      (2.22%)


correlation matrix of the fit parameters:

               a      b      
a               1.000 
b               0.284  1.000 


*******************************************************************************
Tue Mar 28 00:20:56 2017


FIT:    data read from 'all.corr' using 2:3
        format = x:z
        #datapoints = 1660
        residuals are weighted equally (unit weight)

function used for fitting: f(x)
fitted parameters initialized with current variable values



 Iteration 0
 WSSR        : 31123.4           delta(WSSR)/WSSR   : 0
 delta(WSSR) : 0                 limit for stopping : 1e-05
 lambda	  : 0.849394

initial set of free parameter values

a               = 2
b               = -2

After 2 iterations the fit converged.
final sum of squares of residuals : 3795.18
rel. change during last iteration : -1.21539e-06

degrees of freedom    (FIT_NDF)                        : 1658
rms of residuals      (FIT_STDFIT) = sqrt(WSSR/ndf)    : 1.51295
variance of residuals (reduced chisquare) = WSSR/ndf   : 2.28901

Final set of parameters            Asymptotic Standard Error
=======================            ==========================

a               = 0.757057         +/- 0.05819      (7.687%)
b               = 1.7442           +/- 0.03873      (2.22%)


correlation matrix of the fit parameters:

               a      b      
a               1.000 
b               0.284  1.000 


*******************************************************************************
Tue Mar 28 00:21:54 2017


FIT:    data read from 'all.corr' using 2:3
        format = x:z
        #datapoints = 1660
        residuals are weighted equally (unit weight)

function used for fitting: f(x)
fitted parameters initialized with current variable values



 Iteration 0
 WSSR        : 31123.4           delta(WSSR)/WSSR   : 0
 delta(WSSR) : 0                 limit for stopping : 1e-05
 lambda	  : 0.849394

initial set of free parameter values

a               = 2
b               = -2

After 2 iterations the fit converged.
final sum of squares of residuals : 3795.18
rel. change during last iteration : -1.21539e-06

degrees of freedom    (FIT_NDF)                        : 1658
rms of residuals      (FIT_STDFIT) = sqrt(WSSR/ndf)    : 1.51295
variance of residuals (reduced chisquare) = WSSR/ndf   : 2.28901

Final set of parameters            Asymptotic Standard Error
=======================            ==========================

a               = 0.757057         +/- 0.05819      (7.687%)
b               = 1.7442           +/- 0.03873      (2.22%)


correlation matrix of the fit parameters:

               a      b      
a               1.000 
b               0.284  1.000 
