2016-08-11T20:02:26 1 -0.6  0.0
2016-08-11T20:06:39 3  0.9  2.0
2016-08-11T20:07:55 3 -1.1  1.2
2016-08-11T20:16:00 4 -1.4 -1.0
2016-08-11T20:31:08 1 -0.0  1.0
2016-08-11T20:33:52 4 -0.2  0.6
2016-08-11T20:35:29 2  0.8  1.5
2016-08-11T20:37:11 4  0.3  0.9
2016-08-11T20:38:14 2 -0.4  0.5
2016-08-11T20:40:08 2  0.9  2.8
2016-08-11T20:49:42 1  0.1  0.5
2016-08-11T20:50:18 2  1.7  1.8
2016-08-11T20:50:54 6  0.6  2.2
2016-08-11T20:52:55 1 -0.6  1.0
2016-08-11T20:53:27 2 -1.5 -1.2
2016-08-11T20:55:12 2  0.7  1.8
2016-08-11T20:58:04 1  0.6  2.0
2016-08-11T21:17:42 3 -1.4  0.0
2016-08-11T21:25:26 4 -0.4  1.9
2016-08-11T21:25:55 2  0.8  3.0
2016-08-11T21:26:47 3 -0.6  0.2
2016-08-11T21:28:03 2 -0.6  1.5
2016-08-11T21:29:48 2 -0.2  2.0
2016-08-11T21:34:44 3  0.1  2.3
2016-08-11T21:36:14 3 -0.9  1.0
2016-08-11T21:37:17 2 -1.0  0.8
2016-08-11T21:37:29 3 -1.9  1.3
2016-08-11T21:37:44 1 -1.4 -1.0
2016-08-11T21:38:25 5 -2.5 -1.9
2016-08-11T21:40:59 3 -1.8 -0.5
2016-08-11T21:45:24 4 -1.6  0.4
2016-08-11T21:50:09 3 -2.1  0.3
2016-08-11T21:53:02 2 -0.6  0.5
2016-08-11T21:53:33 1 -1.8 -2.0
2016-08-11T21:55:13 5 -2.3  0.6
2016-08-11T21:56:00 2  0.3  1.8
2016-08-11T21:56:12 4 -1.7  1.2
2016-08-11T21:57:44 4 -1.1  1.5
2016-08-11T21:57:57 1 -0.7 -1.0
2016-08-11T22:02:16 3  0.0  1.3
2016-08-11T22:07:38 2 -1.2  1.0
2016-08-11T22:13:15 2  0.4  0.5
2016-08-11T22:34:54 1 -2.0  4.0
2016-08-11T22:38:27 2 -0.7  1.8
2016-08-11T22:43:01 3 -2.2 -1.2
2016-08-11T22:43:29 2 -0.8  1.2
2016-08-11T22:44:00 3  1.5  1.8
2016-08-11T22:44:13 1 -0.4  4.0
2016-08-11T22:44:50 1  0.6  1.0
2016-08-11T22:45:31 1  0.4  4.0
2016-08-11T22:48:20 3 -2.3  2.0
2016-08-11T22:49:41 2 -1.7  3.5
2016-08-11T22:55:58 2  0.0  2.0
2016-08-11T22:56:35 2  0.5  1.8
2016-08-11T22:57:13 1 -1.0  4.0
2016-08-11T22:58:29 1 -0.1  0.0
2016-08-11T23:01:13 1 -1.0  2.0
2016-08-11T23:01:32 1 -2.0  2.5
2016-08-11T23:01:49 2 -1.6 -2.2
2016-08-11T23:02:18 5  0.3  2.9
2016-08-11T23:02:26 1 -1.9 -1.0
2016-08-11T23:03:05 1 -1.8  0.0
2016-08-11T23:03:32 2  0.8  3.5
2016-08-11T23:03:35 1  0.5  2.0
2016-08-11T23:04:30 1  1.3  0.0
2016-08-11T23:04:57 1  0.4 -3.0
2016-08-11T23:06:06 3 -0.0  1.5
2016-08-11T23:09:49 1  0.7  0.0
2016-08-11T23:10:18 1  0.8  4.0
2016-08-11T23:11:34 3 -0.7  1.0
2016-08-11T23:12:14 2  0.9  1.2
2016-08-11T23:12:36 1 -0.8  1.0
2016-08-11T23:13:49 2  0.8  0.8
2016-08-11T23:14:12 3 -1.5  0.7
2016-08-11T23:14:32 3 -0.7  1.5
2016-08-11T23:15:22 5  0.3  1.7
2016-08-11T23:15:48 2 -1.7  0.2
2016-08-11T23:16:02 1 -1.2  0.5
2016-08-11T23:17:43 1  0.4  0.0
2016-08-11T23:17:50 1 -1.4 -1.5
2016-08-11T23:18:19 3 -0.6  1.2
2016-08-11T23:18:46 1 -0.2  1.0
2016-08-11T23:19:26 2 -0.2  1.8
2016-08-11T23:20:46 5 -2.4  1.2
2016-08-11T23:20:52 2 -2.0 -0.2
2016-08-11T23:21:29 5 -0.8  2.0
2016-08-11T23:21:42 3 -0.3  1.3
2016-08-11T23:22:01 1 -0.8  0.0
2016-08-11T23:22:15 4 -1.8  0.6
2016-08-11T23:24:58 1 -0.4  1.5
2016-08-11T23:25:13 3  0.2  1.8
2016-08-11T23:25:24 4 -1.7  0.9
2016-08-11T23:26:02 1  0.2  1.5
2016-08-11T23:26:39 4 -0.4  2.9
2016-08-11T23:27:17 1 -0.4 -0.5
2016-08-11T23:27:39 2 -0.7  1.5
2016-08-11T23:29:19 1 -1.0  1.0
2016-08-11T23:29:50 6 -0.9  1.8
2016-08-11T23:31:15 2 -0.6  0.5
2016-08-11T23:31:36 2 -2.3 -2.2
2016-08-11T23:32:07 6 -2.0  0.8
2016-08-11T23:32:33 2  0.6  3.0
2016-08-11T23:33:00 1 -1.2  2.5
2016-08-11T23:33:56 4 -1.4 -0.1
2016-08-11T23:34:21 1  0.7  1.5
2016-08-11T23:35:21 3 -1.9 -0.2
2016-08-11T23:35:49 3 -2.6 -1.3
2016-08-11T23:36:28 1 -0.5  2.5
2016-08-11T23:36:52 2 -0.1  1.8
2016-08-11T23:37:13 2 -1.4  1.0
2016-08-11T23:38:06 1 -2.4  0.0
2016-08-11T23:38:10 9 -1.6  0.2
2016-08-11T23:39:36 1  0.0  0.0
2016-08-11T23:40:50 3 -1.0  1.8
2016-08-11T23:41:15 4 -0.8  0.4
2016-08-11T23:41:58 4  0.8  2.6
2016-08-11T23:42:59 2  1.0  3.2
2016-08-11T23:46:35 2 -0.8  1.8
2016-08-11T23:46:42 1 -0.5  1.5
2016-08-11T23:47:23 2 -0.7  0.5
2016-08-11T23:48:36 1 -0.3  0.0
2016-08-11T23:49:07 2 -0.0  1.8
2016-08-11T23:50:02 4 -1.1  0.1
2016-08-11T23:51:14 4 -1.8 -0.2
2016-08-11T23:51:28 4 -0.2  1.2
2016-08-11T23:53:08 1  0.6  3.5
2016-08-11T23:53:27 3 -0.2  1.8
2016-08-11T23:54:39 1  0.7  2.0
2016-08-11T23:59:53 3 -1.2  1.2
2016-08-12T00:00:19 2  0.5  0.0
2016-08-12T00:00:52 2 -1.0  1.5
2016-08-12T00:01:13 3 -1.1  1.3
2016-08-12T00:02:03 2 -1.0  1.5
2016-08-12T00:02:22 2 -0.9  1.0
2016-08-12T00:17:06 1 -1.1  0.5
2016-08-12T00:17:20 1 -2.1  0.0
2016-08-12T00:20:04 2  0.6  1.8
2016-08-12T00:20:42 2 -0.0  1.2
2016-08-12T00:21:25 3 -1.5  1.7
2016-08-12T00:22:34 2 -0.6  2.0
2016-08-12T00:23:19 4 -1.3  0.8
2016-08-12T00:23:29 1 -2.0 -0.5
2016-08-12T00:25:27 4 -0.6  1.1
2016-08-12T00:25:33 3 -0.6  2.0
2016-08-12T00:25:39 3 -0.4  2.5
2016-08-12T00:26:50 5 -1.3  1.6
2016-08-12T00:27:04 2 -1.6  0.8
2016-08-12T00:27:35 5 -0.4  1.4
2016-08-12T00:27:50 2 -0.5  1.2
2016-08-12T00:28:34 4 -1.9 -0.2
2016-08-12T00:28:40 4 -0.4  2.5
2016-08-12T00:28:52 4 -2.1 -0.8
2016-08-12T00:30:06 2 -0.9  1.2
2016-08-12T00:30:23 1  1.0  2.0
2016-08-12T00:30:47 4  0.2  3.6
2016-08-12T00:35:03 2 -1.0 -0.5
2016-08-12T00:36:49 5 -1.5  1.2
2016-08-12T00:38:04 1  0.8  0.0
2016-08-12T00:39:34 2 -0.3  3.0
2016-08-12T00:40:00 2 -1.4  1.2
2016-08-12T00:40:39 1 -0.8  2.5
2016-08-12T00:40:58 3 -1.2  1.7
2016-08-12T00:41:57 2  0.6  3.0
2016-08-12T00:42:08 4  0.6  1.9
2016-08-12T00:42:21 4 -0.8  1.5
2016-08-12T00:43:45 3  0.1  2.2
2016-08-12T00:44:09 3 -1.4  0.2
2016-08-12T00:44:49 1 -0.4  0.0
2016-08-12T00:46:27 3 -0.3  1.5
2016-08-12T00:46:53 3 -3.0 -1.7
2016-08-12T00:47:32 2 -2.4  0.0
2016-08-12T00:47:48 2 -0.9  1.2
2016-08-12T00:48:28 4 -2.4 -0.8
2016-08-12T00:49:56 3  0.7  0.5
2016-08-12T00:51:40 1  1.5  3.5
2016-08-12T00:52:22 4 -1.6  1.1
2016-08-12T00:53:59 4 -0.8  1.2
2016-08-12T00:55:18 3 -0.1  1.8
2016-08-12T00:55:35 2  0.1  1.5
2016-08-12T00:56:18 4 -2.1 -1.5
2016-08-12T00:56:39 3 -0.9  2.3
2016-08-12T00:57:03 2 -0.7  0.8
2016-08-12T00:57:28 3 -0.8  1.8
2016-08-12T00:58:39 2  0.4  1.8
2016-08-12T00:59:13 2 -0.1  2.5
2016-08-12T01:00:05 3 -0.8  2.2
2016-08-12T01:01:33 2 -0.5  1.0
2016-08-12T01:03:11 3 -0.4  2.7
2016-08-12T01:03:15 3 -0.9  1.7
2016-08-12T01:04:58 4 -1.4  0.6
2016-08-12T01:06:51 2 -0.5  1.5
2016-08-12T01:07:25 5 -2.7 -1.0
2016-08-12T01:08:32 2  0.1  2.0
2016-08-12T01:08:44 6 -1.1  2.2
2016-08-12T01:11:15 2 -1.2  0.2
2016-08-12T01:11:50 1 -2.0  0.5
2016-08-12T01:13:40 1 -1.1  0.5
2016-08-12T01:14:18 2 -1.4  0.8
2016-08-12T01:15:55 2  0.4  1.5
2016-08-12T01:16:24 5 -0.4  1.3
2016-08-12T01:17:22 3  0.1  3.0
2016-08-12T01:20:42 2  0.2  1.5
2016-08-12T01:20:50 2 -0.8  1.5
2016-08-12T01:22:07 1  1.7  1.5
2016-08-12T01:22:45 2 -1.0  0.2
2016-08-12T01:23:34 2  1.4  1.5
2016-08-12T01:24:24 1  0.0  1.5
2016-08-12T01:25:00 1 -2.1 -1.0
2016-08-12T01:25:21 1  0.3  0.5
2016-08-12T01:26:04 2  0.8  2.2
2016-08-12T01:26:50 1  0.9  3.0
2016-08-12T01:27:53 1  0.5  0.0
2016-08-12T01:28:03 2 -0.8  1.2
2016-08-12T01:29:21 4 -0.7  1.1
2016-08-12T01:30:14 1  0.8  5.0
2016-08-12T01:32:25 1  0.0  2.0
2016-08-12T01:32:48 2  0.1  2.8
2016-08-12T01:34:12 4 -2.0 -0.5
2016-08-12T01:34:17 2 -1.1  1.0
2016-08-12T01:34:35 1  0.0 -1.0
2016-08-12T01:35:24 4 -0.8  0.6
2016-08-12T01:35:42 3 -0.3  2.0
2016-08-12T01:35:58 1 -0.0  1.5
2016-08-12T01:37:37 1 -0.3  2.5
2016-08-12T01:37:45 3  0.2  2.3
2016-08-12T01:37:53 4 -0.6  0.6
2016-08-12T01:40:03 2 -0.6  2.0
2016-08-12T01:40:48 3 -0.6  1.2
2016-08-12T01:41:10 2 -0.6  1.5
2016-08-12T01:41:20 6 -1.4  0.8
2016-08-12T01:42:12 4 -1.3  0.5
2016-08-12T01:43:09 2 -1.1  1.8
2016-08-12T01:44:56 2  1.5  2.8
2016-08-12T21:46:55 1  2.6  1.0
2016-08-12T21:49:11 2 -0.7  1.5
2016-08-12T21:50:30 1 -1.4 -1.0
2016-08-12T21:51:56 1 -0.8 -3.0
2016-08-12T21:51:59 2 -1.1  2.0
2016-08-12T21:55:44 2 -0.9  0.5
2016-08-12T21:58:03 1 -1.2  1.0
2016-08-12T21:59:18 1 -1.2  0.0
2016-08-12T21:59:40 1  1.1  2.5
2016-08-12T21:59:51 1 -0.6  2.0
2016-08-12T22:00:37 3 -2.2 -0.5
2016-08-12T22:02:24 3 -2.3 -0.2
2016-08-12T22:10:00 2 -1.4  0.0
2016-08-12T22:16:27 1 -1.2 -0.5
2016-08-12T22:16:56 2 -1.0  0.5
2016-08-12T22:18:16 3 -1.9  0.2
2016-08-12T22:21:10 3 -0.0  1.8
2016-08-12T22:24:09 3  1.4  2.3
2016-08-12T22:25:28 1  0.0  1.0
2016-08-12T22:26:11 1 -0.0  2.0
2016-08-12T22:28:25 3  0.2  2.2
2016-08-12T22:28:49 2  0.3  2.8
2016-08-12T22:31:38 4 -1.0  0.9
2016-08-12T22:32:10 2  1.8  3.2
2016-08-12T22:37:23 3 -0.3  0.2
2016-08-12T22:40:51 3 -1.2 -0.2
2016-08-12T22:43:23 1  0.2 -0.5
2016-08-12T22:46:01 5 -2.0 -0.2
2016-08-12T22:46:46 2  0.5  0.8
2016-08-12T22:48:40 2  0.6  3.0
2016-08-12T22:50:58 6 -1.6  1.0
2016-08-12T22:54:30 3 -1.4  0.2
2016-08-12T22:54:39 3 -1.5  1.3
2016-08-12T22:56:50 1 -0.6  1.0
2016-08-12T22:57:19 5  0.2  1.2
2016-08-12T22:57:47 4 -0.3  1.6
2016-08-12T23:01:26 4 -0.5  0.9
2016-08-12T23:04:32 3  0.8  2.7
2016-08-12T23:06:28 3  0.2  1.2
2016-08-12T23:06:58 3 -1.0  3.5
2016-08-12T23:08:11 4 -0.7  1.5
2016-08-12T23:09:08 2 -0.9  0.8
2016-08-12T23:10:05 1 -0.6  1.5
2016-08-12T23:11:28 2  0.7  1.5
2016-08-12T23:11:51 1 -0.3  2.0
2016-08-12T23:12:25 2 -0.5  0.2
2016-08-12T23:12:49 4 -0.9  0.8
2016-08-12T23:13:16 1 -0.8  0.5
2016-08-12T23:13:31 1  0.6  1.0
2016-08-12T23:14:24 2 -0.0  1.0
2016-08-12T23:16:19 3 -1.3  1.7
2016-08-12T23:17:31 2 -0.8  2.8
2016-08-12T23:17:44 3  0.8  0.8
2016-08-12T23:17:58 1 -1.4  2.0
2016-08-12T23:18:02 1  0.4  5.0
2016-08-12T23:20:45 3 -0.6  0.7
2016-08-12T23:21:40 2 -0.3  0.0
2016-08-12T23:25:02 4 -1.6  1.2
2016-08-12T23:25:55 2 -1.3  2.0
2016-08-12T23:51:56 3 -2.5 -0.8
2016-08-12T23:53:20 1 -0.3  2.0
2016-08-12T23:54:17 1 -1.2  0.0
2016-08-12T23:56:15 1  0.1  1.0
2016-08-12T23:56:56 1  0.2  2.0
2016-08-12T23:57:13 1 -0.4  0.5
2016-08-12T23:57:31 5 -1.6  0.6
2016-08-12T23:57:53 1 -1.1  0.0
2016-08-12T23:58:08 1  0.3  2.0
2016-08-12T23:59:02 2  1.3  2.2
2016-08-12T23:59:37 2  0.1  0.8
2016-08-13T00:01:25 1 -1.9 -1.0
2016-08-13T00:03:33 3 -1.2  2.2
2016-08-13T00:06:52 2 -0.5  1.5
2016-08-13T00:07:36 1  0.4  2.0
2016-08-13T00:08:05 3 -0.3  2.3
2016-08-13T00:10:17 3 -2.2  0.7
2016-08-13T00:10:36 5 -1.3  0.6
2016-08-13T00:11:35 3 -1.1  0.3
2016-08-13T00:11:57 1  0.9  3.0
2016-08-13T00:12:07 2  0.3  3.5
2016-08-13T00:13:29 3 -1.0  1.8
2016-08-13T00:14:26 5  0.8  2.5
2016-08-13T00:15:07 3 -0.7  1.2
2016-08-13T00:15:21 1 -0.1  1.0
2016-08-13T00:16:01 3 -2.0  0.5
2016-08-13T00:16:07 1  0.2  0.5
2016-08-13T00:18:20 3  0.4  0.5
2016-08-13T00:20:24 1 -1.3  1.0
2016-08-13T00:21:44 3  0.0  1.2
2016-08-13T00:22:13 2 -1.3  0.8
2016-08-13T00:22:57 2  0.5  1.8
2016-08-13T00:24:58 4 -1.2  0.5
2016-08-13T00:26:12 5 -2.7 -2.2
2016-08-13T00:27:55 3 -1.1  0.5
2016-08-13T00:28:48 2 -0.7  2.0
2016-08-13T00:29:01 3 -1.8  0.2
2016-08-13T00:30:53 2 -0.2  2.2
2016-08-13T00:31:35 4 -1.5  1.2
2016-08-13T00:32:10 2  0.1  1.0
2016-08-13T00:36:17 4 -1.4  1.0
2016-08-13T00:36:27 2 -1.4  0.2
2016-08-13T00:39:40 3 -1.7  0.8
2016-08-13T00:41:05 3 -0.5  2.0
2016-08-13T00:41:38 1  0.7  3.0
2016-08-13T00:41:47 2  1.2  2.0
2016-08-13T00:43:42 4  0.7  3.1
2016-08-13T00:43:51 2 -1.1  1.0
2016-08-13T00:44:06 2 -1.2  1.5
2016-08-13T00:55:22 1 -2.4  0.0
2016-08-13T00:56:00 1 -0.7  1.5
2016-08-13T00:56:46 2 -1.5  1.8
2016-08-13T00:58:52 1 -0.1  1.0
2016-08-13T00:59:19 4 -1.8  0.4
2016-08-13T00:59:53 2  0.1  2.0
2016-08-13T01:03:35 3 -0.3  1.7
2016-08-13T01:06:05 2 -1.2  0.8
2016-08-13T01:07:29 4 -1.8  0.1
2016-08-13T01:08:24 1 -1.2  0.0
2016-08-13T01:08:36 3 -1.8  0.2
2016-08-13T01:09:04 3 -0.8  0.8
2016-08-13T01:09:28 1  1.2  0.5
2016-08-13T01:09:57 1  0.4  1.0
2016-08-13T01:10:03 2 -0.0  2.0
2016-08-13T01:10:39 3 -1.2  1.3
2016-08-13T01:10:56 2 -1.2  2.0
2016-08-13T01:11:10 1 -0.5  3.0
2016-08-13T01:12:59 2 -1.8  1.8
2016-08-13T01:13:41 5 -0.9  1.0
2016-08-13T01:14:08 2 -2.0  0.2
2016-08-13T01:14:22 1  1.0  3.0
2016-08-13T01:14:33 2 -1.8  0.2
2016-08-13T01:18:19 3  0.2  1.7
2016-08-13T01:20:49 3 -2.0 -1.0
2016-08-13T01:21:18 2 -2.4  0.2
2016-08-13T01:21:55 2  1.5  0.5
2016-08-13T01:23:21 3  0.8  2.5
2016-08-13T01:24:21 2 -0.5  0.0
2016-08-13T01:24:24 2 -1.8  0.0
2016-08-13T01:26:04 1  0.5  3.0
2016-08-13T01:26:09 2 -0.9  0.8
2016-08-13T01:26:12 1  0.2  1.0
2016-08-13T01:26:30 1  0.6  3.0
2016-08-13T01:27:33 2 -1.9 -0.2
2016-08-13T01:27:37 2  0.2  3.0
2016-08-13T01:28:38 2 -0.2  0.2
2016-08-13T01:29:26 2  0.5  2.0
2016-08-13T01:29:52 3 -0.5  1.2
2016-08-13T01:30:58 3 -2.1 -0.7
2016-08-13T01:31:28 1 -1.5 -1.0
2016-08-13T01:33:13 3 -1.0  1.0
2016-08-13T01:34:14 4 -0.1  1.0
2016-08-13T01:34:33 1 -1.3  0.0
2016-08-13T01:34:56 5 -1.1  1.0
2016-08-13T01:35:52 3  0.3  2.2
2016-08-13T01:36:24 2 -0.0  2.2
2016-08-13T01:37:36 2 -0.8  0.0
2016-08-13T01:37:59 2 -0.7  0.5
2016-08-13T01:38:02 4 -1.2  0.2
2016-08-13T01:38:33 2 -0.5  0.8
2016-08-13T01:40:00 1  0.7  2.0
2016-08-13T01:40:16 3 -2.0 -0.8
2016-08-13T01:40:53 4 -1.4  0.9
2016-08-13T01:41:29 1  0.4  2.0
2016-08-13T01:41:38 4 -0.5  1.0
2016-08-13T01:44:49 1  1.6  2.0
2016-08-13T01:44:54 3 -0.2  1.2
2016-08-13T01:45:45 1  0.6  2.0
2016-08-13T01:46:05 4 -0.6  2.2
2016-08-13T01:48:26 3  0.4  2.2
2016-08-13T01:48:38 2  0.8  2.8
2016-08-13T01:48:49 1 -1.5 -2.0
2016-08-13T01:49:39 2 -2.1 -4.0
2016-08-13T01:50:18 2 -0.5  1.2
2016-08-13T01:51:47 1 -0.4  1.0
2016-08-13T01:52:10 2  0.8  1.2
2016-08-13T01:53:18 3 -0.0  1.7
2016-08-13T01:54:38 4 -0.6  1.0
